2022-03-23 16:24:32 INFO  Property_Configuration:16 - Information
2022-03-23 16:24:32 WARN  Property_Configuration:18 - Warning
2022-03-23 16:24:32 ERROR Property_Configuration:20 - Error
2022-03-23 16:24:32 FATAL Property_Configuration:22 - Fatal
2022-03-23 16:30:43 INFO  Property_Configuration:14 - Information
2022-03-23 16:30:43 WARN  Property_Configuration:16 - Warning
2022-03-23 16:30:43 ERROR Property_Configuration:18 - Error
2022-03-23 16:30:43 FATAL Property_Configuration:20 - Fatal
2022-03-23 16:30:56 DEBUG Property_Configuration:12 - Debugging
2022-03-23 16:30:56 INFO  Property_Configuration:14 - Information
2022-03-23 16:30:56 WARN  Property_Configuration:16 - Warning
2022-03-23 16:30:56 ERROR Property_Configuration:18 - Error
2022-03-23 16:30:56 FATAL Property_Configuration:20 - Fatal
2022-03-23 16:31:11 WARN  Property_Configuration:16 - Warning
2022-03-23 16:31:11 ERROR Property_Configuration:18 - Error
2022-03-23 16:31:11 FATAL Property_Configuration:20 - Fatal
2022-03-23 16:31:42 INFO  Property_Configuration:14 - Information
2022-03-23 16:31:42 WARN  Property_Configuration:16 - Warning
2022-03-23 16:31:42 ERROR Property_Configuration:18 - Error
2022-03-23 16:31:42 FATAL Property_Configuration:20 - Fatal
2022-03-23 19:20:18 INFO  Runner:45 - Web Page opened Successfully
2022-03-23 19:20:32 INFO  Runner:50 - Credentials Entered
2022-03-23 19:20:39 INFO  Runner:52 - Submit button clicked successfully!
2022-03-23 19:20:54 INFO  Runner:58 - Dropdown selected sucessfully
2022-03-23 19:22:16 INFO  Runner:45 - Web Page opened Successfully
2022-03-23 19:22:22 INFO  Runner:50 - Credentials Entered
2022-03-23 19:22:26 INFO  Runner:52 - Submit button clicked successfully!
2022-03-23 19:22:37 INFO  Runner:58 - Dropdown selected sucessfully
2022-03-23 19:24:21 INFO  Runner:45 - Web Page opened Successfully
2022-03-23 19:24:34 INFO  Runner:50 - Credentials Entered
2022-03-23 19:24:34 INFO  Runner:52 - Submit button clicked successfully!
2022-03-23 20:01:50 INFO  Runner:45 - Web Page opened Successfully
2022-03-23 20:01:57 INFO  Runner:50 - Credentials Entered
2022-03-23 20:02:00 INFO  Runner:52 - Submit button clicked successfully!
2022-03-23 20:02:13 INFO  Runner:58 - Dropdown selected sucessfully
2022-03-23 20:04:23 INFO  Runner:45 - Web Page opened Successfully
2022-03-23 20:04:33 INFO  Runner:50 - Credentials Entered
2022-03-23 20:04:44 INFO  Runner:52 - Submit button clicked successfully!
2022-03-23 20:05:00 INFO  Runner:58 - Dropdown selected sucessfully
2022-03-23 20:10:03 INFO  Runner:45 - Web Page opened Successfully
2022-03-23 20:10:23 INFO  Runner:50 - Credentials Entered
2022-03-23 20:10:42 INFO  Runner:52 - Submit button clicked successfully!
2022-03-23 20:11:10 INFO  Runner:58 - Dropdown selected sucessfully
